03:10:53 **** Incremental Build of configuration Debug for project locksecurity ****
make all 
Building file: ../main.c
Invoking: AVR Compiler
avr-gcc -Wall -g2 -gstabs -O0 -fpack-struct -fshort-enums -ffunction-sections -fdata-sections -std=gnu99 -funsigned-char -funsigned-bitfields -mmcu=atmega32 -DF_CPU=8000000UL -MMD -MP -MF"main.d" -MT"main.o" -c -o "main.o" "../main.c"
In file included from ../main.c:9:
c:/users/silver/documents/embedded/imt eclipse/winavr/lib/gcc/../../avr/include/util/delay.h:90:3: warning: #warning "Compiler optimizations disabled; functions from <util/delay.h> won't work as designed"
../main.c: In function 'main':
../main.c:36: warning: pointer targets in passing argument 1 of 'LCD_voidWriteString' differ in signedness
../main.c:39: warning: pointer targets in passing argument 1 of 'LCD_voidWriteString' differ in signedness
../main.c:30: warning: unused variable 'j'
../main.c: In function 'OpenDoor':
../main.c:91: warning: pointer targets in passing argument 1 of 'LCD_voidWriteString' differ in signedness
../main.c:93: warning: pointer targets in passing argument 1 of 'LCD_voidWriteString' differ in signedness
../main.c: In function 'CloseDoor':
../main.c:106: warning: pointer targets in passing argument 1 of 'LCD_voidWriteString' differ in signedness
../main.c:108: warning: pointer targets in passing argument 1 of 'LCD_voidWriteString' differ in signedness
../main.c:118: warning: pointer targets in passing argument 1 of 'LCD_voidWriteString' differ in signedness
../main.c: In function 'ClearPasswordField':
../main.c:124: warning: pointer targets in passing argument 1 of 'LCD_voidWriteString' differ in signedness
../main.c: In function 'WrongPassword':
../main.c:149: warning: pointer targets in passing argument 1 of 'LCD_voidWriteString' differ in signedness
../main.c:152: warning: pointer targets in passing argument 1 of 'LCD_voidWriteString' differ in signedness
../main.c:155: warning: pointer targets in passing argument 1 of 'LCD_voidWriteString' differ in signedness
Finished building: ../main.c
 
Building target: locksecurity.elf
Invoking: AVR C Linker
avr-gcc -Wl,-Map,locksecurity.map -mmcu=atmega32 -o "locksecurity.elf"  ./DIO_prg.o ./KEY_prog.o ./LCD_prg.o ./SEV_prg.o ./STEPPER_prg.o ./main.o   
Finished building target: locksecurity.elf
 
Invoking: AVR Create Extended Listing
avr-objdump -h -S locksecurity.elf  >"locksecurity.lss"
Finished building: locksecurity.lss
 
Create Flash image (ihex format)
avr-objcopy -R .eeprom -R .fuse -R .lock -R .signature -O ihex locksecurity.elf  "locksecurity.hex"
Finished building: locksecurity.hex
 
Create eeprom image (ihex format)
avr-objcopy -j .eeprom --no-change-warnings --change-section-lma .eeprom=0 -O ihex locksecurity.elf  "locksecurity.eep"
Finished building: locksecurity.eep
 
Invoking: Print Size
avr-size --format=avr --mcu=atmega32 locksecurity.elf
AVR Memory Usage
----------------
Device: atmega32

Program:   11360 bytes (34.7% Full)
(.text + .data + .bootloader)

Data:        140 bytes (6.8% Full)
(.data + .bss + .noinit)


Finished building: sizedummy
 

03:10:54 Build Finished (took 735ms)

